{
  "stats": {
    "suites": 1,
    "tests": 1,
    "passes": 1,
    "pending": 0,
    "failures": 0,
    "start": "2021-02-23T09:48:42.264Z",
    "end": "2021-02-23T09:49:58.521Z",
    "duration": 76257,
    "testsRegistered": 1,
    "passPercent": 100,
    "pendingPercent": 0,
    "other": 0,
    "hasOther": false,
    "skipped": 0,
    "hasSkipped": false
  },
  "results": [
    {
      "uuid": "4efcbabb-42b9-4e1b-abb1-b1d684735dcc",
      "title": "",
      "fullFile": "cypress\\integration\\examples\\LoginTest.js",
      "file": "cypress\\integration\\examples\\LoginTest.js",
      "beforeHooks": [],
      "afterHooks": [],
      "tests": [],
      "suites": [
        {
          "uuid": "3edaa76b-d0d2-4c13-aa18-ec32cc318dec",
          "title": "Login Test",
          "fullFile": "",
          "file": "",
          "beforeHooks": [],
          "afterHooks": [],
          "tests": [
            {
              "title": "Login Test with valid credentials",
              "fullTitle": "Login Test Login Test with valid credentials",
              "timedOut": null,
              "duration": 57126,
              "state": "passed",
              "speed": "slow",
              "pass": true,
              "fail": false,
              "pending": false,
              "context": null,
              "code": "var homePage = new _HomePage[\"default\"]();\nhomePage.naviagateToHomePage();\nvar loginPage = homePage.navigateToSignInPage();\nloginPage.doLogin(this.data.email, this.data.password);\nloginPage.verifyURL().should('include', 'my-account');\nloginPage.verifyLoginMessage().should('include.text', 'Welcome to your account.');\nloginPage.verifyLoginTest().should('have.text', this.data.name);\nloginPage.verifyLoginEmail().should('have.value', this.data.email);",
              "err": {},
              "uuid": "703b0e2f-770b-49b0-94cf-312d88e808ca",
              "parentUUID": "3edaa76b-d0d2-4c13-aa18-ec32cc318dec",
              "isHook": false,
              "skipped": false
            }
          ],
          "suites": [],
          "passes": [
            "703b0e2f-770b-49b0-94cf-312d88e808ca"
          ],
          "failures": [],
          "pending": [],
          "skipped": [],
          "duration": 57126,
          "root": false,
          "rootEmpty": false,
          "_timeout": 2000
        }
      ],
      "passes": [],
      "failures": [],
      "pending": [],
      "skipped": [],
      "duration": 0,
      "root": true,
      "rootEmpty": true,
      "_timeout": 2000
    }
  ],
  "meta": {
    "mocha": {
      "version": "7.0.1"
    },
    "mochawesome": {
      "options": {
        "quiet": false,
        "reportFilename": "mochawesome",
        "saveHtml": true,
        "saveJson": true,
        "consoleReporter": "spec",
        "useInlineDiffs": false,
        "code": true
      },
      "version": "6.2.2"
    },
    "marge": {
      "options": null,
      "version": "5.2.0"
    }
  }
}